<?xml version="1.0" encoding="UTF-8"?>
<checkstyle version="6.10.1">
<file name="C:\atlastutorial\advanced-ldap-for-crucible\src\main\java\com\davidkoudela\crucible\admin\AdvancedLdapUserManagerImpl.java">
<error line="0" severity="error" message="Missing package-info.java file." source="com.puppycrawl.tools.checkstyle.checks.javadoc.JavadocPackageCheck"/>
<error line="15" severity="error" message="Using the &apos;.*&apos; form of import should be avoided - com.cenqua.fisheye.user.*." source="com.puppycrawl.tools.checkstyle.checks.imports.AvoidStarImportCheck"/>
<error line="19" severity="error" message="Using the &apos;.*&apos; form of import should be avoided - com.davidkoudela.crucible.ldap.model.*." source="com.puppycrawl.tools.checkstyle.checks.imports.AvoidStarImportCheck"/>
<error line="21" severity="error" message="Line is longer than 80 characters (found 89)." source="com.puppycrawl.tools.checkstyle.checks.sizes.LineLengthCheck"/>
<error line="38" severity="error" message="Line is longer than 80 characters (found 113)." source="com.puppycrawl.tools.checkstyle.checks.sizes.LineLengthCheck"/>
<error line="46" column="5" severity="error" message="Missing a Javadoc comment." source="com.puppycrawl.tools.checkstyle.checks.javadoc.JavadocVariableCheck"/>
<error line="47" column="5" severity="error" message="Missing a Javadoc comment." source="com.puppycrawl.tools.checkstyle.checks.javadoc.JavadocVariableCheck"/>
<error line="48" severity="error" message="Line is longer than 80 characters (found 100)." source="com.puppycrawl.tools.checkstyle.checks.sizes.LineLengthCheck"/>
<error line="48" column="5" severity="error" message="Missing a Javadoc comment." source="com.puppycrawl.tools.checkstyle.checks.javadoc.JavadocVariableCheck"/>
<error line="49" column="5" severity="error" message="Missing a Javadoc comment." source="com.puppycrawl.tools.checkstyle.checks.javadoc.JavadocVariableCheck"/>
<error line="50" severity="error" message="Line is longer than 80 characters (found 83)." source="com.puppycrawl.tools.checkstyle.checks.sizes.LineLengthCheck"/>
<error line="50" column="5" severity="error" message="Missing a Javadoc comment." source="com.puppycrawl.tools.checkstyle.checks.javadoc.JavadocVariableCheck"/>
<error line="51" column="5" severity="error" message="Missing a Javadoc comment." source="com.puppycrawl.tools.checkstyle.checks.javadoc.JavadocVariableCheck"/>
<error line="52" severity="error" message="Line is longer than 80 characters (found 105)." source="com.puppycrawl.tools.checkstyle.checks.sizes.LineLengthCheck"/>
<error line="52" column="5" severity="error" message="Missing a Javadoc comment." source="com.puppycrawl.tools.checkstyle.checks.javadoc.JavadocVariableCheck"/>
<error line="53" column="5" severity="error" message="Missing a Javadoc comment." source="com.puppycrawl.tools.checkstyle.checks.javadoc.JavadocVariableCheck"/>
<error line="54" column="5" severity="error" message="Missing a Javadoc comment." source="com.puppycrawl.tools.checkstyle.checks.javadoc.JavadocVariableCheck"/>
<error line="56" column="5" severity="error" message="Missing a Javadoc comment." source="com.puppycrawl.tools.checkstyle.checks.javadoc.JavadocMethodCheck"/>
<error line="57" severity="error" message="Line is longer than 80 characters (found 152)." source="com.puppycrawl.tools.checkstyle.checks.sizes.LineLengthCheck"/>
<error line="57" column="40" severity="error" message="Parameter userManager should be final." source="com.puppycrawl.tools.checkstyle.checks.FinalParametersCheck"/>
<error line="57" column="52" severity="error" message="&apos;userManager&apos; hides a field." source="com.puppycrawl.tools.checkstyle.checks.coding.HiddenFieldCheck"/>
<error line="57" column="65" severity="error" message="Parameter hibernateAdvancedLdapPluginConfigurationDAO should be final." source="com.puppycrawl.tools.checkstyle.checks.FinalParametersCheck"/>
<error line="57" column="109" severity="error" message="&apos;hibernateAdvancedLdapPluginConfigurationDAO&apos; hides a field." source="com.puppycrawl.tools.checkstyle.checks.coding.HiddenFieldCheck"/>
<error line="58" severity="error" message="Line is longer than 80 characters (found 146)." source="com.puppycrawl.tools.checkstyle.checks.sizes.LineLengthCheck"/>
<error line="58" column="40" severity="error" message="Parameter hibernateAdvancedLdapUserDAO should be final." source="com.puppycrawl.tools.checkstyle.checks.FinalParametersCheck"/>
<error line="58" column="69" severity="error" message="&apos;hibernateAdvancedLdapUserDAO&apos; hides a field." source="com.puppycrawl.tools.checkstyle.checks.coding.HiddenFieldCheck"/>
<error line="58" column="99" severity="error" message="Parameter advancedLdapLogService should be final." source="com.puppycrawl.tools.checkstyle.checks.FinalParametersCheck"/>
<error line="60" severity="error" message="Line is longer than 80 characters (found 103)." source="com.puppycrawl.tools.checkstyle.checks.sizes.LineLengthCheck"/>
<error line="62" severity="error" message="Line is longer than 80 characters (found 97)." source="com.puppycrawl.tools.checkstyle.checks.sizes.LineLengthCheck"/>
<error line="63" severity="error" message="Line is longer than 80 characters (found 102)." source="com.puppycrawl.tools.checkstyle.checks.sizes.LineLengthCheck"/>
<error line="64" severity="error" message="Line is longer than 80 characters (found 112)." source="com.puppycrawl.tools.checkstyle.checks.sizes.LineLengthCheck"/>
<error line="67" column="5" severity="error" message="Method &apos;restoreUserManager&apos; is not designed for extension - needs to be abstract, final or empty." source="com.puppycrawl.tools.checkstyle.checks.design.DesignForExtensionCheck"/>
<error line="67" column="5" severity="error" message="Missing a Javadoc comment." source="com.puppycrawl.tools.checkstyle.checks.javadoc.JavadocMethodCheck"/>
<error line="67" column="36" severity="error" message="Parameter userManager should be final." source="com.puppycrawl.tools.checkstyle.checks.FinalParametersCheck"/>
<error line="67" column="48" severity="error" message="&apos;userManager&apos; hides a field." source="com.puppycrawl.tools.checkstyle.checks.coding.HiddenFieldCheck"/>
<error line="71" column="5" severity="error" message="Method &apos;loadUser&apos; is not designed for extension - needs to be abstract, final or empty." source="com.puppycrawl.tools.checkstyle.checks.design.DesignForExtensionCheck"/>
<error line="72" column="26" severity="error" message="Parameter userData should be final." source="com.puppycrawl.tools.checkstyle.checks.FinalParametersCheck"/>
<error line="73" severity="error" message="Line is longer than 80 characters (found 97)." source="com.puppycrawl.tools.checkstyle.checks.sizes.LineLengthCheck"/>
<error line="82" severity="error" message="Line is longer than 80 characters (found 159)." source="com.puppycrawl.tools.checkstyle.checks.sizes.LineLengthCheck"/>
<error line="83" severity="error" message="Line is longer than 80 characters (found 120)." source="com.puppycrawl.tools.checkstyle.checks.sizes.LineLengthCheck"/>
<error line="85" severity="error" message="Line is longer than 80 characters (found 142)." source="com.puppycrawl.tools.checkstyle.checks.sizes.LineLengthCheck"/>
<error line="89" severity="error" message="Line is longer than 80 characters (found 81)." source="com.puppycrawl.tools.checkstyle.checks.sizes.LineLengthCheck"/>
<error line="89" column="31" severity="error" message="&apos;advancedLdapConnector&apos; hides a field." source="com.puppycrawl.tools.checkstyle.checks.coding.HiddenFieldCheck"/>
<error line="90" severity="error" message="Line is longer than 80 characters (found 93)." source="com.puppycrawl.tools.checkstyle.checks.sizes.LineLengthCheck"/>
<error line="90" column="35" severity="error" message="&apos;advancedLdapPersonBuilder&apos; hides a field." source="com.puppycrawl.tools.checkstyle.checks.coding.HiddenFieldCheck"/>
<error line="91" severity="error" message="Line is longer than 80 characters (found 88)." source="com.puppycrawl.tools.checkstyle.checks.sizes.LineLengthCheck"/>
<error line="92" severity="error" message="Line is longer than 80 characters (found 82)." source="com.puppycrawl.tools.checkstyle.checks.sizes.LineLengthCheck"/>
<error line="95" severity="error" message="Line is longer than 80 characters (found 108)." source="com.puppycrawl.tools.checkstyle.checks.sizes.LineLengthCheck"/>
<error line="100" severity="error" message="Line is longer than 80 characters (found 87)." source="com.puppycrawl.tools.checkstyle.checks.sizes.LineLengthCheck"/>
<error line="101" column="20" severity="error" message="Name &apos;GID&apos; must match pattern &apos;^[a-z][a-zA-Z0-9]*$&apos;." source="com.puppycrawl.tools.checkstyle.checks.naming.LocalVariableNameCheck"/>
<error line="108" severity="error" message="Line is longer than 80 characters (found 88)." source="com.puppycrawl.tools.checkstyle.checks.sizes.LineLengthCheck"/>
<error line="109" severity="error" message="Line is longer than 80 characters (found 93)." source="com.puppycrawl.tools.checkstyle.checks.sizes.LineLengthCheck"/>
<error line="112" severity="error" message="Line is longer than 80 characters (found 90)." source="com.puppycrawl.tools.checkstyle.checks.sizes.LineLengthCheck"/>
<error line="113" column="20" severity="error" message="&apos;catch&apos; is not followed by whitespace." source="com.puppycrawl.tools.checkstyle.checks.whitespace.WhitespaceAroundCheck"/>
<error line="114" severity="error" message="Line is longer than 80 characters (found 101)." source="com.puppycrawl.tools.checkstyle.checks.sizes.LineLengthCheck"/>
<error line="121" column="5" severity="error" message="Method &apos;loadGroups&apos; is not designed for extension - needs to be abstract, final or empty." source="com.puppycrawl.tools.checkstyle.checks.design.DesignForExtensionCheck"/>
<error line="122" severity="error" message="Line is longer than 80 characters (found 91)." source="com.puppycrawl.tools.checkstyle.checks.sizes.LineLengthCheck"/>
<error line="122" column="28" severity="error" message="Parameter advancedLdapGroupUserSyncCount should be final." source="com.puppycrawl.tools.checkstyle.checks.FinalParametersCheck"/>
<error line="123" severity="error" message="Line is longer than 80 characters (found 97)." source="com.puppycrawl.tools.checkstyle.checks.sizes.LineLengthCheck"/>
<error line="128" severity="error" message="Line is longer than 80 characters (found 141)." source="com.puppycrawl.tools.checkstyle.checks.sizes.LineLengthCheck"/>
<error line="129" severity="error" message="Line is longer than 80 characters (found 120)." source="com.puppycrawl.tools.checkstyle.checks.sizes.LineLengthCheck"/>
<error line="131" severity="error" message="Line is longer than 80 characters (found 143)." source="com.puppycrawl.tools.checkstyle.checks.sizes.LineLengthCheck"/>
<error line="135" severity="error" message="Line is longer than 80 characters (found 81)." source="com.puppycrawl.tools.checkstyle.checks.sizes.LineLengthCheck"/>
<error line="135" column="31" severity="error" message="&apos;advancedLdapConnector&apos; hides a field." source="com.puppycrawl.tools.checkstyle.checks.coding.HiddenFieldCheck"/>
<error line="136" severity="error" message="Line is longer than 80 characters (found 144)." source="com.puppycrawl.tools.checkstyle.checks.sizes.LineLengthCheck"/>
<error line="136" column="52" severity="error" message="&apos;advancedLdapNestedGroupSearchResultBuilder&apos; hides a field." source="com.puppycrawl.tools.checkstyle.checks.coding.HiddenFieldCheck"/>
<error line="137" severity="error" message="Line is longer than 80 characters (found 105)." source="com.puppycrawl.tools.checkstyle.checks.sizes.LineLengthCheck"/>
<error line="138" severity="error" message="Line is longer than 80 characters (found 96)." source="com.puppycrawl.tools.checkstyle.checks.sizes.LineLengthCheck"/>
<error line="140" severity="error" message="Line is longer than 80 characters (found 125)." source="com.puppycrawl.tools.checkstyle.checks.sizes.LineLengthCheck"/>
<error line="141" severity="error" message="Line is longer than 80 characters (found 128)." source="com.puppycrawl.tools.checkstyle.checks.sizes.LineLengthCheck"/>
<error line="144" column="20" severity="error" message="Name &apos;GID&apos; must match pattern &apos;^[a-z][a-zA-Z0-9]*$&apos;." source="com.puppycrawl.tools.checkstyle.checks.naming.LocalVariableNameCheck"/>
<error line="152" severity="error" message="Line is longer than 80 characters (found 93)." source="com.puppycrawl.tools.checkstyle.checks.sizes.LineLengthCheck"/>
<error line="153" column="24" severity="error" message="Name &apos;UID&apos; must match pattern &apos;^[a-z][a-zA-Z0-9]*$&apos;." source="com.puppycrawl.tools.checkstyle.checks.naming.LocalVariableNameCheck"/>
<error line="158" severity="error" message="Line is longer than 80 characters (found 105)." source="com.puppycrawl.tools.checkstyle.checks.sizes.LineLengthCheck"/>
<error line="159" severity="error" message="Line is longer than 80 characters (found 138)." source="com.puppycrawl.tools.checkstyle.checks.sizes.LineLengthCheck"/>
<error line="162" severity="error" message="Line is longer than 80 characters (found 92)." source="com.puppycrawl.tools.checkstyle.checks.sizes.LineLengthCheck"/>
<error line="163" severity="error" message="Line is longer than 80 characters (found 97)." source="com.puppycrawl.tools.checkstyle.checks.sizes.LineLengthCheck"/>
<error line="164" severity="error" message="Line is longer than 80 characters (found 90)." source="com.puppycrawl.tools.checkstyle.checks.sizes.LineLengthCheck"/>
<error line="167" severity="error" message="Line is longer than 80 characters (found 95)." source="com.puppycrawl.tools.checkstyle.checks.sizes.LineLengthCheck"/>
<error line="168" column="24" severity="error" message="&apos;catch&apos; is not followed by whitespace." source="com.puppycrawl.tools.checkstyle.checks.whitespace.WhitespaceAroundCheck"/>
<error line="169" severity="error" message="Line is longer than 80 characters (found 106)." source="com.puppycrawl.tools.checkstyle.checks.sizes.LineLengthCheck"/>
<error line="173" severity="error" message="Line is longer than 80 characters (found 93)." source="com.puppycrawl.tools.checkstyle.checks.sizes.LineLengthCheck"/>
<error line="173" column="22" severity="error" message="Expression can be simplified." source="com.puppycrawl.tools.checkstyle.checks.coding.SimplifyBooleanExpressionCheck"/>
<error line="174" severity="error" message="Line is longer than 80 characters (found 82)." source="com.puppycrawl.tools.checkstyle.checks.sizes.LineLengthCheck"/>
<error line="176" severity="error" message="Line is longer than 80 characters (found 88)." source="com.puppycrawl.tools.checkstyle.checks.sizes.LineLengthCheck"/>
<error line="176" column="35" severity="error" message="Expression can be simplified." source="com.puppycrawl.tools.checkstyle.checks.coding.SimplifyBooleanExpressionCheck"/>
<error line="177" severity="error" message="Line is longer than 80 characters (found 90)." source="com.puppycrawl.tools.checkstyle.checks.sizes.LineLengthCheck"/>
<error line="178" severity="error" message="Line is longer than 80 characters (found 98)." source="com.puppycrawl.tools.checkstyle.checks.sizes.LineLengthCheck"/>
<error line="181" severity="error" message="Line is longer than 80 characters (found 116)." source="com.puppycrawl.tools.checkstyle.checks.sizes.LineLengthCheck"/>
<error line="186" severity="error" message="Line is longer than 80 characters (found 81)." source="com.puppycrawl.tools.checkstyle.checks.sizes.LineLengthCheck"/>
<error line="188" severity="error" message="Line is longer than 80 characters (found 139)." source="com.puppycrawl.tools.checkstyle.checks.sizes.LineLengthCheck"/>
<error line="189" severity="error" message="Line is longer than 80 characters (found 139)." source="com.puppycrawl.tools.checkstyle.checks.sizes.LineLengthCheck"/>
<error line="193" column="5" severity="error" message="Method &apos;verifyUserCredentials&apos; is not designed for extension - needs to be abstract, final or empty." source="com.puppycrawl.tools.checkstyle.checks.design.DesignForExtensionCheck"/>
<error line="194" column="42" severity="error" message="Parameter username should be final." source="com.puppycrawl.tools.checkstyle.checks.FinalParametersCheck"/>
<error line="194" column="59" severity="error" message="Parameter password should be final." source="com.puppycrawl.tools.checkstyle.checks.FinalParametersCheck"/>
<error line="195" severity="error" message="Line is longer than 80 characters (found 97)." source="com.puppycrawl.tools.checkstyle.checks.sizes.LineLengthCheck"/>
<error line="204" severity="error" message="Line is longer than 80 characters (found 145)." source="com.puppycrawl.tools.checkstyle.checks.sizes.LineLengthCheck"/>
<error line="205" severity="error" message="Line is longer than 80 characters (found 120)." source="com.puppycrawl.tools.checkstyle.checks.sizes.LineLengthCheck"/>
<error line="207" severity="error" message="Line is longer than 80 characters (found 142)." source="com.puppycrawl.tools.checkstyle.checks.sizes.LineLengthCheck"/>
<error line="211" severity="error" message="Line is longer than 80 characters (found 81)." source="com.puppycrawl.tools.checkstyle.checks.sizes.LineLengthCheck"/>
<error line="211" column="31" severity="error" message="&apos;advancedLdapConnector&apos; hides a field." source="com.puppycrawl.tools.checkstyle.checks.coding.HiddenFieldCheck"/>
<error line="212" severity="error" message="Line is longer than 80 characters (found 95)." source="com.puppycrawl.tools.checkstyle.checks.sizes.LineLengthCheck"/>
<error line="212" column="33" severity="error" message="&apos;advancedLdapBindBuilder&apos; hides a field." source="com.puppycrawl.tools.checkstyle.checks.coding.HiddenFieldCheck"/>
<error line="213" severity="error" message="Line is longer than 80 characters (found 86)." source="com.puppycrawl.tools.checkstyle.checks.sizes.LineLengthCheck"/>
<error line="217" severity="error" message="Line is longer than 80 characters (found 103)." source="com.puppycrawl.tools.checkstyle.checks.sizes.LineLengthCheck"/>
<error line="225" column="5" severity="error" message="Method &apos;getAdvancedLdapConnector&apos; is not designed for extension - needs to be abstract, final or empty." source="com.puppycrawl.tools.checkstyle.checks.design.DesignForExtensionCheck"/>
<error line="225" column="5" severity="error" message="Missing a Javadoc comment." source="com.puppycrawl.tools.checkstyle.checks.javadoc.JavadocMethodCheck"/>
<error line="226" severity="error" message="&apos;if&apos; construct must use &apos;{}&apos;s." source="com.puppycrawl.tools.checkstyle.checks.blocks.NeedBracesCheck"/>
<error line="231" severity="error" message="Line is longer than 80 characters (found 90)." source="com.puppycrawl.tools.checkstyle.checks.sizes.LineLengthCheck"/>
<error line="231" column="5" severity="error" message="Method &apos;setAdvancedLdapConnector&apos; is not designed for extension - needs to be abstract, final or empty." source="com.puppycrawl.tools.checkstyle.checks.design.DesignForExtensionCheck"/>
<error line="231" column="5" severity="error" message="Missing a Javadoc comment." source="com.puppycrawl.tools.checkstyle.checks.javadoc.JavadocMethodCheck"/>
<error line="231" column="45" severity="error" message="Parameter advancedLdapConnector should be final." source="com.puppycrawl.tools.checkstyle.checks.FinalParametersCheck"/>
<error line="231" column="67" severity="error" message="&apos;advancedLdapConnector&apos; hides a field." source="com.puppycrawl.tools.checkstyle.checks.coding.HiddenFieldCheck"/>
<error line="235" column="5" severity="error" message="Method &apos;getAdvancedLdapPersonBuilder&apos; is not designed for extension - needs to be abstract, final or empty." source="com.puppycrawl.tools.checkstyle.checks.design.DesignForExtensionCheck"/>
<error line="235" column="5" severity="error" message="Missing a Javadoc comment." source="com.puppycrawl.tools.checkstyle.checks.javadoc.JavadocMethodCheck"/>
<error line="236" severity="error" message="&apos;if&apos; construct must use &apos;{}&apos;s." source="com.puppycrawl.tools.checkstyle.checks.blocks.NeedBracesCheck"/>
<error line="238" severity="error" message="Line is longer than 80 characters (found 89)." source="com.puppycrawl.tools.checkstyle.checks.sizes.LineLengthCheck"/>
<error line="241" severity="error" message="Line is longer than 80 characters (found 102)." source="com.puppycrawl.tools.checkstyle.checks.sizes.LineLengthCheck"/>
<error line="241" column="5" severity="error" message="Method &apos;setAdvancedLdapPersonBuilder&apos; is not designed for extension - needs to be abstract, final or empty." source="com.puppycrawl.tools.checkstyle.checks.design.DesignForExtensionCheck"/>
<error line="241" column="5" severity="error" message="Missing a Javadoc comment." source="com.puppycrawl.tools.checkstyle.checks.javadoc.JavadocMethodCheck"/>
<error line="241" column="49" severity="error" message="Parameter advancedLdapPersonBuilder should be final." source="com.puppycrawl.tools.checkstyle.checks.FinalParametersCheck"/>
<error line="241" column="75" severity="error" message="&apos;advancedLdapPersonBuilder&apos; hides a field." source="com.puppycrawl.tools.checkstyle.checks.coding.HiddenFieldCheck"/>
<error line="245" severity="error" message="Line is longer than 80 characters (found 106)." source="com.puppycrawl.tools.checkstyle.checks.sizes.LineLengthCheck"/>
<error line="245" column="5" severity="error" message="Method &apos;getAdvancedLdapNestedGroupSearchResultBuilder&apos; is not designed for extension - needs to be abstract, final or empty." source="com.puppycrawl.tools.checkstyle.checks.design.DesignForExtensionCheck"/>
<error line="245" column="5" severity="error" message="Missing a Javadoc comment." source="com.puppycrawl.tools.checkstyle.checks.javadoc.JavadocMethodCheck"/>
<error line="246" severity="error" message="&apos;if&apos; construct must use &apos;{}&apos;s." source="com.puppycrawl.tools.checkstyle.checks.blocks.NeedBracesCheck"/>
<error line="248" severity="error" message="Line is longer than 80 characters (found 94)." source="com.puppycrawl.tools.checkstyle.checks.sizes.LineLengthCheck"/>
<error line="251" severity="error" message="Line is longer than 80 characters (found 153)." source="com.puppycrawl.tools.checkstyle.checks.sizes.LineLengthCheck"/>
<error line="251" column="5" severity="error" message="Method &apos;setAdvancedLdapNestedGroupSearchResultBuilder&apos; is not designed for extension - needs to be abstract, final or empty." source="com.puppycrawl.tools.checkstyle.checks.design.DesignForExtensionCheck"/>
<error line="251" column="5" severity="error" message="Missing a Javadoc comment." source="com.puppycrawl.tools.checkstyle.checks.javadoc.JavadocMethodCheck"/>
<error line="251" column="66" severity="error" message="Parameter advancedLdapNestedGroupSearchResultBuilder should be final." source="com.puppycrawl.tools.checkstyle.checks.FinalParametersCheck"/>
<error line="251" column="109" severity="error" message="&apos;advancedLdapNestedGroupSearchResultBuilder&apos; hides a field." source="com.puppycrawl.tools.checkstyle.checks.coding.HiddenFieldCheck"/>
<error line="252" severity="error" message="Line is longer than 80 characters (found 101)." source="com.puppycrawl.tools.checkstyle.checks.sizes.LineLengthCheck"/>
<error line="255" severity="error" message="Line is longer than 80 characters (found 83)." source="com.puppycrawl.tools.checkstyle.checks.sizes.LineLengthCheck"/>
<error line="255" column="5" severity="error" message="Method &apos;getAdvancedLdapBindBuilder&apos; is not designed for extension - needs to be abstract, final or empty." source="com.puppycrawl.tools.checkstyle.checks.design.DesignForExtensionCheck"/>
<error line="255" column="5" severity="error" message="Missing a Javadoc comment." source="com.puppycrawl.tools.checkstyle.checks.javadoc.JavadocMethodCheck"/>
<error line="255" column="66" severity="error" message="Parameter password should be final." source="com.puppycrawl.tools.checkstyle.checks.FinalParametersCheck"/>
<error line="256" severity="error" message="&apos;if&apos; construct must use &apos;{}&apos;s." source="com.puppycrawl.tools.checkstyle.checks.blocks.NeedBracesCheck"/>
<error line="258" severity="error" message="Line is longer than 80 characters (found 91)." source="com.puppycrawl.tools.checkstyle.checks.sizes.LineLengthCheck"/>
<error line="261" severity="error" message="Line is longer than 80 characters (found 96)." source="com.puppycrawl.tools.checkstyle.checks.sizes.LineLengthCheck"/>
<error line="261" column="5" severity="error" message="Method &apos;setAdvancedLdapBindBuilder&apos; is not designed for extension - needs to be abstract, final or empty." source="com.puppycrawl.tools.checkstyle.checks.design.DesignForExtensionCheck"/>
<error line="261" column="5" severity="error" message="Missing a Javadoc comment." source="com.puppycrawl.tools.checkstyle.checks.javadoc.JavadocMethodCheck"/>
<error line="261" column="47" severity="error" message="Parameter advancedLdapBindBuilder should be final." source="com.puppycrawl.tools.checkstyle.checks.FinalParametersCheck"/>
<error line="261" column="71" severity="error" message="&apos;advancedLdapBindBuilder&apos; hides a field." source="com.puppycrawl.tools.checkstyle.checks.coding.HiddenFieldCheck"/>
<error line="265" severity="error" message="First sentence should end with a period." source="com.puppycrawl.tools.checkstyle.checks.javadoc.JavadocStyleCheck"/>
<error line="267" column="5" severity="error" message="Method &apos;countActiveUsers&apos; is not designed for extension - needs to be abstract, final or empty." source="com.puppycrawl.tools.checkstyle.checks.design.DesignForExtensionCheck"/>
<error line="268" column="34" severity="error" message="Parameter userSearchCriteria should be final." source="com.puppycrawl.tools.checkstyle.checks.FinalParametersCheck"/>
<error line="272" column="5" severity="error" message="Method &apos;notifyLicenseUpdate&apos; is not designed for extension - needs to be abstract, final or empty." source="com.puppycrawl.tools.checkstyle.checks.design.DesignForExtensionCheck"/>
<error line="277" column="5" severity="error" message="Method &apos;reload&apos; is not designed for extension - needs to be abstract, final or empty." source="com.puppycrawl.tools.checkstyle.checks.design.DesignForExtensionCheck"/>
<error line="278" column="24" severity="error" message="Parameter config should be final." source="com.puppycrawl.tools.checkstyle.checks.FinalParametersCheck"/>
<error line="282" column="5" severity="error" message="Method &apos;validateCurrentUser&apos; is not designed for extension - needs to be abstract, final or empty." source="com.puppycrawl.tools.checkstyle.checks.design.DesignForExtensionCheck"/>
<error line="283" severity="error" message="Line is longer than 80 characters (found 122)." source="com.puppycrawl.tools.checkstyle.checks.sizes.LineLengthCheck"/>
<error line="283" column="42" severity="error" message="Parameter httpServletRequest should be final." source="com.puppycrawl.tools.checkstyle.checks.FinalParametersCheck"/>
<error line="283" column="81" severity="error" message="Parameter httpServletResponse should be final." source="com.puppycrawl.tools.checkstyle.checks.FinalParametersCheck"/>
<error line="284" severity="error" message="Line is longer than 80 characters (found 92)." source="com.puppycrawl.tools.checkstyle.checks.sizes.LineLengthCheck"/>
<error line="284" column="72" severity="error" message="&apos;,&apos; is not followed by whitespace." source="com.puppycrawl.tools.checkstyle.checks.whitespace.WhitespaceAfterCheck"/>
<error line="287" column="5" severity="error" message="Method &apos;getCurrentUser&apos; is not designed for extension - needs to be abstract, final or empty." source="com.puppycrawl.tools.checkstyle.checks.design.DesignForExtensionCheck"/>
<error line="288" column="37" severity="error" message="Parameter httpServletRequest should be final." source="com.puppycrawl.tools.checkstyle.checks.FinalParametersCheck"/>
<error line="292" column="5" severity="error" message="Method &apos;getCurrentUser&apos; is not designed for extension - needs to be abstract, final or empty." source="com.puppycrawl.tools.checkstyle.checks.design.DesignForExtensionCheck"/>
<error line="293" column="37" severity="error" message="Parameter jspContext should be final." source="com.puppycrawl.tools.checkstyle.checks.FinalParametersCheck"/>
<error line="297" column="5" severity="error" message="Method &apos;preCookUrl&apos; is not designed for extension - needs to be abstract, final or empty." source="com.puppycrawl.tools.checkstyle.checks.design.DesignForExtensionCheck"/>
<error line="298" severity="error" message="Line is longer than 80 characters (found 95)." source="com.puppycrawl.tools.checkstyle.checks.sizes.LineLengthCheck"/>
<error line="298" column="35" severity="error" message="Parameter httpServletRequest should be final." source="com.puppycrawl.tools.checkstyle.checks.FinalParametersCheck"/>
<error line="298" column="74" severity="error" message="Parameter s should be final." source="com.puppycrawl.tools.checkstyle.checks.FinalParametersCheck"/>
<error line="298" column="84" severity="error" message="Parameter b should be final." source="com.puppycrawl.tools.checkstyle.checks.FinalParametersCheck"/>
<error line="299" column="63" severity="error" message="&apos;,&apos; is not followed by whitespace." source="com.puppycrawl.tools.checkstyle.checks.whitespace.WhitespaceAfterCheck"/>
<error line="299" column="65" severity="error" message="&apos;,&apos; is not followed by whitespace." source="com.puppycrawl.tools.checkstyle.checks.whitespace.WhitespaceAfterCheck"/>
<error line="302" column="5" severity="error" message="Method &apos;login&apos; is not designed for extension - needs to be abstract, final or empty." source="com.puppycrawl.tools.checkstyle.checks.design.DesignForExtensionCheck"/>
<error line="303" severity="error" message="Line is longer than 80 characters (found 170)." source="com.puppycrawl.tools.checkstyle.checks.sizes.LineLengthCheck"/>
<error line="303" column="28" severity="error" message="Parameter httpServletRequest should be final." source="com.puppycrawl.tools.checkstyle.checks.FinalParametersCheck"/>
<error line="303" column="67" severity="error" message="Parameter httpServletResponse should be final." source="com.puppycrawl.tools.checkstyle.checks.FinalParametersCheck"/>
<error line="303" column="108" severity="error" message="Parameter s should be final." source="com.puppycrawl.tools.checkstyle.checks.FinalParametersCheck"/>
<error line="303" column="118" severity="error" message="Parameter s2 should be final." source="com.puppycrawl.tools.checkstyle.checks.FinalParametersCheck"/>
<error line="303" column="129" severity="error" message="Parameter b should be final." source="com.puppycrawl.tools.checkstyle.checks.FinalParametersCheck"/>
<error line="304" severity="error" message="Line is longer than 80 characters (found 85)." source="com.puppycrawl.tools.checkstyle.checks.sizes.LineLengthCheck"/>
<error line="304" column="58" severity="error" message="&apos;,&apos; is not followed by whitespace." source="com.puppycrawl.tools.checkstyle.checks.whitespace.WhitespaceAfterCheck"/>
<error line="304" column="78" severity="error" message="&apos;,&apos; is not followed by whitespace." source="com.puppycrawl.tools.checkstyle.checks.whitespace.WhitespaceAfterCheck"/>
<error line="304" column="80" severity="error" message="&apos;,&apos; is not followed by whitespace." source="com.puppycrawl.tools.checkstyle.checks.whitespace.WhitespaceAfterCheck"/>
<error line="304" column="83" severity="error" message="&apos;,&apos; is not followed by whitespace." source="com.puppycrawl.tools.checkstyle.checks.whitespace.WhitespaceAfterCheck"/>
<error line="307" column="5" severity="error" message="Method &apos;hasUserExceededLoginAttempts&apos; is not designed for extension - needs to be abstract, final or empty." source="com.puppycrawl.tools.checkstyle.checks.design.DesignForExtensionCheck"/>
<error line="308" column="49" severity="error" message="Parameter s should be final." source="com.puppycrawl.tools.checkstyle.checks.FinalParametersCheck"/>
<error line="312" column="5" severity="error" message="Method &apos;login&apos; is not designed for extension - needs to be abstract, final or empty." source="com.puppycrawl.tools.checkstyle.checks.design.DesignForExtensionCheck"/>
<error line="313" severity="error" message="Line is longer than 80 characters (found 143)." source="com.puppycrawl.tools.checkstyle.checks.sizes.LineLengthCheck"/>
<error line="313" column="28" severity="error" message="Parameter httpServletRequest should be final." source="com.puppycrawl.tools.checkstyle.checks.FinalParametersCheck"/>
<error line="313" column="67" severity="error" message="Parameter httpServletResponse should be final." source="com.puppycrawl.tools.checkstyle.checks.FinalParametersCheck"/>
<error line="313" column="108" severity="error" message="Parameter loginCookieToken should be final." source="com.puppycrawl.tools.checkstyle.checks.FinalParametersCheck"/>
<error line="314" severity="error" message="Line is longer than 80 characters (found 95)." source="com.puppycrawl.tools.checkstyle.checks.sizes.LineLengthCheck"/>
<error line="314" column="58" severity="error" message="&apos;,&apos; is not followed by whitespace." source="com.puppycrawl.tools.checkstyle.checks.whitespace.WhitespaceAfterCheck"/>
<error line="314" column="78" severity="error" message="&apos;,&apos; is not followed by whitespace." source="com.puppycrawl.tools.checkstyle.checks.whitespace.WhitespaceAfterCheck"/>
<error line="317" column="5" severity="error" message="Method &apos;synchroniseUsers&apos; is not designed for extension - needs to be abstract, final or empty." source="com.puppycrawl.tools.checkstyle.checks.design.DesignForExtensionCheck"/>
<error line="322" column="5" severity="error" message="Method &apos;synchroniseUsers&apos; is not designed for extension - needs to be abstract, final or empty." source="com.puppycrawl.tools.checkstyle.checks.design.DesignForExtensionCheck"/>
<error line="323" column="34" severity="error" message="Parameter b should be final." source="com.puppycrawl.tools.checkstyle.checks.FinalParametersCheck"/>
<error line="327" column="5" severity="error" message="Method &apos;tryRequestDelegatedLogin&apos; is not designed for extension - needs to be abstract, final or empty." source="com.puppycrawl.tools.checkstyle.checks.design.DesignForExtensionCheck"/>
<error line="328" severity="error" message="Line is longer than 80 characters (found 157)." source="com.puppycrawl.tools.checkstyle.checks.sizes.LineLengthCheck"/>
<error line="328" column="47" severity="error" message="Parameter httpServletRequest should be final." source="com.puppycrawl.tools.checkstyle.checks.FinalParametersCheck"/>
<error line="328" column="86" severity="error" message="Parameter httpServletResponse should be final." source="com.puppycrawl.tools.checkstyle.checks.FinalParametersCheck"/>
<error line="329" severity="error" message="Line is longer than 80 characters (found 97)." source="com.puppycrawl.tools.checkstyle.checks.sizes.LineLengthCheck"/>
<error line="329" column="77" severity="error" message="&apos;,&apos; is not followed by whitespace." source="com.puppycrawl.tools.checkstyle.checks.whitespace.WhitespaceAfterCheck"/>
<error line="332" column="5" severity="error" message="Method &apos;createTrustedUserLogin&apos; is not designed for extension - needs to be abstract, final or empty." source="com.puppycrawl.tools.checkstyle.checks.design.DesignForExtensionCheck"/>
<error line="333" severity="error" message="Line is longer than 80 characters (found 108)." source="com.puppycrawl.tools.checkstyle.checks.sizes.LineLengthCheck"/>
<error line="333" column="45" severity="error" message="Parameter s should be final." source="com.puppycrawl.tools.checkstyle.checks.FinalParametersCheck"/>
<error line="333" column="55" severity="error" message="Parameter b should be final." source="com.puppycrawl.tools.checkstyle.checks.FinalParametersCheck"/>
<error line="333" column="66" severity="error" message="Parameter b2 should be final." source="com.puppycrawl.tools.checkstyle.checks.FinalParametersCheck"/>
<error line="334" column="58" severity="error" message="&apos;,&apos; is not followed by whitespace." source="com.puppycrawl.tools.checkstyle.checks.whitespace.WhitespaceAfterCheck"/>
<error line="334" column="60" severity="error" message="&apos;,&apos; is not followed by whitespace." source="com.puppycrawl.tools.checkstyle.checks.whitespace.WhitespaceAfterCheck"/>
<error line="337" column="5" severity="error" message="Method &apos;createTrustedUserLogin&apos; is not designed for extension - needs to be abstract, final or empty." source="com.puppycrawl.tools.checkstyle.checks.design.DesignForExtensionCheck"/>
<error line="338" severity="error" message="Line is longer than 80 characters (found 85)." source="com.puppycrawl.tools.checkstyle.checks.sizes.LineLengthCheck"/>
<error line="338" column="45" severity="error" message="Parameter s should be final." source="com.puppycrawl.tools.checkstyle.checks.FinalParametersCheck"/>
<error line="342" column="5" severity="error" message="Method &apos;logout&apos; is not designed for extension - needs to be abstract, final or empty." source="com.puppycrawl.tools.checkstyle.checks.design.DesignForExtensionCheck"/>
<error line="343" severity="error" message="Line is longer than 80 characters (found 104)." source="com.puppycrawl.tools.checkstyle.checks.sizes.LineLengthCheck"/>
<error line="343" column="24" severity="error" message="Parameter httpServletRequest should be final." source="com.puppycrawl.tools.checkstyle.checks.FinalParametersCheck"/>
<error line="343" column="63" severity="error" message="Parameter httpServletResponse should be final." source="com.puppycrawl.tools.checkstyle.checks.FinalParametersCheck"/>
<error line="344" column="52" severity="error" message="&apos;,&apos; is not followed by whitespace." source="com.puppycrawl.tools.checkstyle.checks.whitespace.WhitespaceAfterCheck"/>
<error line="347" column="5" severity="error" message="Method &apos;logout2&apos; is not designed for extension - needs to be abstract, final or empty." source="com.puppycrawl.tools.checkstyle.checks.design.DesignForExtensionCheck"/>
<error line="348" severity="error" message="Line is longer than 80 characters (found 128)." source="com.puppycrawl.tools.checkstyle.checks.sizes.LineLengthCheck"/>
<error line="348" column="25" severity="error" message="Parameter httpServletRequest should be final." source="com.puppycrawl.tools.checkstyle.checks.FinalParametersCheck"/>
<error line="348" column="64" severity="error" message="Parameter httpServletResponse should be final." source="com.puppycrawl.tools.checkstyle.checks.FinalParametersCheck"/>
<error line="348" column="105" severity="error" message="Parameter b should be final." source="com.puppycrawl.tools.checkstyle.checks.FinalParametersCheck"/>
<error line="348" column="116" severity="error" message="Parameter b2 should be final." source="com.puppycrawl.tools.checkstyle.checks.FinalParametersCheck"/>
<error line="349" column="53" severity="error" message="&apos;,&apos; is not followed by whitespace." source="com.puppycrawl.tools.checkstyle.checks.whitespace.WhitespaceAfterCheck"/>
<error line="349" column="73" severity="error" message="&apos;,&apos; is not followed by whitespace." source="com.puppycrawl.tools.checkstyle.checks.whitespace.WhitespaceAfterCheck"/>
<error line="349" column="75" severity="error" message="&apos;,&apos; is not followed by whitespace." source="com.puppycrawl.tools.checkstyle.checks.whitespace.WhitespaceAfterCheck"/>
<error line="352" column="5" severity="error" message="Method &apos;logout2User&apos; is not designed for extension - needs to be abstract, final or empty." source="com.puppycrawl.tools.checkstyle.checks.design.DesignForExtensionCheck"/>
<error line="353" column="29" severity="error" message="Parameter s should be final." source="com.puppycrawl.tools.checkstyle.checks.FinalParametersCheck"/>
<error line="353" column="39" severity="error" message="Parameter b should be final." source="com.puppycrawl.tools.checkstyle.checks.FinalParametersCheck"/>
<error line="353" column="50" severity="error" message="Parameter b2 should be final." source="com.puppycrawl.tools.checkstyle.checks.FinalParametersCheck"/>
<error line="354" column="40" severity="error" message="&apos;,&apos; is not followed by whitespace." source="com.puppycrawl.tools.checkstyle.checks.whitespace.WhitespaceAfterCheck"/>
<error line="354" column="42" severity="error" message="&apos;,&apos; is not followed by whitespace." source="com.puppycrawl.tools.checkstyle.checks.whitespace.WhitespaceAfterCheck"/>
<error line="357" column="5" severity="error" message="Method &apos;makeSecureRnd&apos; is not designed for extension - needs to be abstract, final or empty." source="com.puppycrawl.tools.checkstyle.checks.design.DesignForExtensionCheck"/>
<error line="362" column="5" severity="error" message="Method &apos;makeSecureRnd&apos; is not designed for extension - needs to be abstract, final or empty." source="com.puppycrawl.tools.checkstyle.checks.design.DesignForExtensionCheck"/>
<error line="363" column="33" severity="error" message="Parameter i should be final." source="com.puppycrawl.tools.checkstyle.checks.FinalParametersCheck"/>
<error line="367" column="5" severity="error" message="Method &apos;getAllActiveUsernames&apos; is not designed for extension - needs to be abstract, final or empty." source="com.puppycrawl.tools.checkstyle.checks.design.DesignForExtensionCheck"/>
<error line="372" column="5" severity="error" message="Method &apos;getAllFishEyeEnabledUsernames&apos; is not designed for extension - needs to be abstract, final or empty." source="com.puppycrawl.tools.checkstyle.checks.design.DesignForExtensionCheck"/>
<error line="377" column="5" severity="error" message="Method &apos;getAllCrucibleEnabledUsernames&apos; is not designed for extension - needs to be abstract, final or empty." source="com.puppycrawl.tools.checkstyle.checks.design.DesignForExtensionCheck"/>
<error line="382" column="5" severity="error" message="Method &apos;getUsersWithTextPrefix&apos; is not designed for extension - needs to be abstract, final or empty." source="com.puppycrawl.tools.checkstyle.checks.design.DesignForExtensionCheck"/>
<error line="383" column="46" severity="error" message="Parameter s should be final." source="com.puppycrawl.tools.checkstyle.checks.FinalParametersCheck"/>
<error line="387" column="5" severity="error" message="Method &apos;getUsersWithTextPrefix&apos; is not designed for extension - needs to be abstract, final or empty." source="com.puppycrawl.tools.checkstyle.checks.design.DesignForExtensionCheck"/>
<error line="388" severity="error" message="Line is longer than 80 characters (found 88)." source="com.puppycrawl.tools.checkstyle.checks.sizes.LineLengthCheck"/>
<error line="388" column="46" severity="error" message="Parameter s should be final." source="com.puppycrawl.tools.checkstyle.checks.FinalParametersCheck"/>
<error line="388" column="56" severity="error" message="Parameter userSet should be final." source="com.puppycrawl.tools.checkstyle.checks.FinalParametersCheck"/>
<error line="388" column="81" severity="error" message="Parameter i should be final." source="com.puppycrawl.tools.checkstyle.checks.FinalParametersCheck"/>
<error line="392" column="5" severity="error" message="Method &apos;getGroupsWithTextPrefix&apos; is not designed for extension - needs to be abstract, final or empty." source="com.puppycrawl.tools.checkstyle.checks.design.DesignForExtensionCheck"/>
<error line="393" severity="error" message="Line is longer than 80 characters (found 84)." source="com.puppycrawl.tools.checkstyle.checks.sizes.LineLengthCheck"/>
<error line="393" column="59" severity="error" message="Parameter s should be final." source="com.puppycrawl.tools.checkstyle.checks.FinalParametersCheck"/>
<error line="393" column="69" severity="error" message="Parameter i should be final." source="com.puppycrawl.tools.checkstyle.checks.FinalParametersCheck"/>
<error line="393" column="76" severity="error" message="Parameter i2 should be final." source="com.puppycrawl.tools.checkstyle.checks.FinalParametersCheck"/>
<error line="394" column="59" severity="error" message="&apos;,&apos; is not followed by whitespace." source="com.puppycrawl.tools.checkstyle.checks.whitespace.WhitespaceAfterCheck"/>
<error line="394" column="61" severity="error" message="&apos;,&apos; is not followed by whitespace." source="com.puppycrawl.tools.checkstyle.checks.whitespace.WhitespaceAfterCheck"/>
<error line="397" column="5" severity="error" message="Method &apos;filterUserByTextPrefix&apos; is not designed for extension - needs to be abstract, final or empty." source="com.puppycrawl.tools.checkstyle.checks.design.DesignForExtensionCheck"/>
<error line="398" column="43" severity="error" message="Parameter user should be final." source="com.puppycrawl.tools.checkstyle.checks.FinalParametersCheck"/>
<error line="398" column="54" severity="error" message="Parameter s should be final." source="com.puppycrawl.tools.checkstyle.checks.FinalParametersCheck"/>
<error line="399" column="61" severity="error" message="&apos;,&apos; is not followed by whitespace." source="com.puppycrawl.tools.checkstyle.checks.whitespace.WhitespaceAfterCheck"/>
<error line="402" column="5" severity="error" message="Method &apos;getGroupsForUser&apos; is not designed for extension - needs to be abstract, final or empty." source="com.puppycrawl.tools.checkstyle.checks.design.DesignForExtensionCheck"/>
<error line="403" column="42" severity="error" message="Parameter s should be final." source="com.puppycrawl.tools.checkstyle.checks.FinalParametersCheck"/>
<error line="407" column="5" severity="error" message="Method &apos;getGroupsForUser&apos; is not designed for extension - needs to be abstract, final or empty." source="com.puppycrawl.tools.checkstyle.checks.design.DesignForExtensionCheck"/>
<error line="408" column="42" severity="error" message="Parameter s should be final." source="com.puppycrawl.tools.checkstyle.checks.FinalParametersCheck"/>
<error line="408" column="52" severity="error" message="Parameter pageRequest should be final." source="com.puppycrawl.tools.checkstyle.checks.FinalParametersCheck"/>
<error line="409" column="52" severity="error" message="&apos;,&apos; is not followed by whitespace." source="com.puppycrawl.tools.checkstyle.checks.whitespace.WhitespaceAfterCheck"/>
<error line="412" column="5" severity="error" message="Method &apos;isUserInGroup&apos; is not designed for extension - needs to be abstract, final or empty." source="com.puppycrawl.tools.checkstyle.checks.design.DesignForExtensionCheck"/>
<error line="413" column="34" severity="error" message="Parameter s should be final." source="com.puppycrawl.tools.checkstyle.checks.FinalParametersCheck"/>
<error line="413" column="44" severity="error" message="Parameter s2 should be final." source="com.puppycrawl.tools.checkstyle.checks.FinalParametersCheck"/>
<error line="414" column="49" severity="error" message="&apos;,&apos; is not followed by whitespace." source="com.puppycrawl.tools.checkstyle.checks.whitespace.WhitespaceAfterCheck"/>
<error line="417" column="5" severity="error" message="Method &apos;getGroupInfos&apos; is not designed for extension - needs to be abstract, final or empty." source="com.puppycrawl.tools.checkstyle.checks.design.DesignForExtensionCheck"/>
<error line="422" column="5" severity="error" message="Method &apos;getGroupInfo&apos; is not designed for extension - needs to be abstract, final or empty." source="com.puppycrawl.tools.checkstyle.checks.design.DesignForExtensionCheck"/>
<error line="423" column="35" severity="error" message="Parameter s should be final." source="com.puppycrawl.tools.checkstyle.checks.FinalParametersCheck"/>
<error line="427" column="5" severity="error" message="Method &apos;getExternalGroupNames&apos; is not designed for extension - needs to be abstract, final or empty." source="com.puppycrawl.tools.checkstyle.checks.design.DesignForExtensionCheck"/>
<error line="432" column="5" severity="error" message="Method &apos;builtInGroupExists&apos; is not designed for extension - needs to be abstract, final or empty." source="com.puppycrawl.tools.checkstyle.checks.design.DesignForExtensionCheck"/>
<error line="433" column="39" severity="error" message="Parameter s should be final." source="com.puppycrawl.tools.checkstyle.checks.FinalParametersCheck"/>
<error line="437" column="5" severity="error" message="Method &apos;addBuiltInGroup&apos; is not designed for extension - needs to be abstract, final or empty." source="com.puppycrawl.tools.checkstyle.checks.design.DesignForExtensionCheck"/>
<error line="438" column="33" severity="error" message="Parameter s should be final." source="com.puppycrawl.tools.checkstyle.checks.FinalParametersCheck"/>
<error line="442" column="5" severity="error" message="Method &apos;deleteBuiltInGroup&apos; is not designed for extension - needs to be abstract, final or empty." source="com.puppycrawl.tools.checkstyle.checks.design.DesignForExtensionCheck"/>
<error line="443" column="36" severity="error" message="Parameter s should be final." source="com.puppycrawl.tools.checkstyle.checks.FinalParametersCheck"/>
<error line="447" column="5" severity="error" message="Method &apos;addUserToBuiltInGroup&apos; is not designed for extension - needs to be abstract, final or empty." source="com.puppycrawl.tools.checkstyle.checks.design.DesignForExtensionCheck"/>
<error line="448" column="39" severity="error" message="Parameter s should be final." source="com.puppycrawl.tools.checkstyle.checks.FinalParametersCheck"/>
<error line="448" column="49" severity="error" message="Parameter s2 should be final." source="com.puppycrawl.tools.checkstyle.checks.FinalParametersCheck"/>
<error line="449" column="50" severity="error" message="&apos;,&apos; is not followed by whitespace." source="com.puppycrawl.tools.checkstyle.checks.whitespace.WhitespaceAfterCheck"/>
<error line="452" column="5" severity="error" message="Method &apos;removeUserFromBuiltInGroup&apos; is not designed for extension - needs to be abstract, final or empty." source="com.puppycrawl.tools.checkstyle.checks.design.DesignForExtensionCheck"/>
<error line="453" column="44" severity="error" message="Parameter s should be final." source="com.puppycrawl.tools.checkstyle.checks.FinalParametersCheck"/>
<error line="453" column="54" severity="error" message="Parameter s2 should be final." source="com.puppycrawl.tools.checkstyle.checks.FinalParametersCheck"/>
<error line="454" column="55" severity="error" message="&apos;,&apos; is not followed by whitespace." source="com.puppycrawl.tools.checkstyle.checks.whitespace.WhitespaceAfterCheck"/>
<error line="457" column="5" severity="error" message="Method &apos;getUsersInGroup&apos; is not designed for extension - needs to be abstract, final or empty." source="com.puppycrawl.tools.checkstyle.checks.design.DesignForExtensionCheck"/>
<error line="458" column="41" severity="error" message="Parameter s should be final." source="com.puppycrawl.tools.checkstyle.checks.FinalParametersCheck"/>
<error line="462" column="5" severity="error" message="Method &apos;getUsersInGroup&apos; is not designed for extension - needs to be abstract, final or empty." source="com.puppycrawl.tools.checkstyle.checks.design.DesignForExtensionCheck"/>
<error line="463" column="41" severity="error" message="Parameter s should be final." source="com.puppycrawl.tools.checkstyle.checks.FinalParametersCheck"/>
<error line="463" column="51" severity="error" message="Parameter pageRequest should be final." source="com.puppycrawl.tools.checkstyle.checks.FinalParametersCheck"/>
<error line="464" column="51" severity="error" message="&apos;,&apos; is not followed by whitespace." source="com.puppycrawl.tools.checkstyle.checks.whitespace.WhitespaceAfterCheck"/>
<error line="467" column="5" severity="error" message="Method &apos;getActiveUsers&apos; is not designed for extension - needs to be abstract, final or empty." source="com.puppycrawl.tools.checkstyle.checks.design.DesignForExtensionCheck"/>
<error line="472" column="5" severity="error" message="Method &apos;searchUsers&apos; is not designed for extension - needs to be abstract, final or empty." source="com.puppycrawl.tools.checkstyle.checks.design.DesignForExtensionCheck"/>
<error line="473" severity="error" message="Line is longer than 80 characters (found 99)." source="com.puppycrawl.tools.checkstyle.checks.sizes.LineLengthCheck"/>
<error line="473" column="35" severity="error" message="Parameter userSearchCriteria should be final." source="com.puppycrawl.tools.checkstyle.checks.FinalParametersCheck"/>
<error line="473" column="74" severity="error" message="Parameter pageRequest should be final." source="com.puppycrawl.tools.checkstyle.checks.FinalParametersCheck"/>
<error line="474" column="64" severity="error" message="&apos;,&apos; is not followed by whitespace." source="com.puppycrawl.tools.checkstyle.checks.whitespace.WhitespaceAfterCheck"/>
<error line="477" column="5" severity="error" message="Method &apos;searchGroups&apos; is not designed for extension - needs to be abstract, final or empty." source="com.puppycrawl.tools.checkstyle.checks.design.DesignForExtensionCheck"/>
<error line="478" severity="error" message="Line is longer than 80 characters (found 107)." source="com.puppycrawl.tools.checkstyle.checks.sizes.LineLengthCheck"/>
<error line="478" column="41" severity="error" message="Parameter groupSearchCriteria should be final." source="com.puppycrawl.tools.checkstyle.checks.FinalParametersCheck"/>
<error line="478" column="82" severity="error" message="Parameter pageRequest should be final." source="com.puppycrawl.tools.checkstyle.checks.FinalParametersCheck"/>
<error line="479" column="66" severity="error" message="&apos;,&apos; is not followed by whitespace." source="com.puppycrawl.tools.checkstyle.checks.whitespace.WhitespaceAfterCheck"/>
<error line="482" column="5" severity="error" message="Method &apos;getImplicitUserForCommitter&apos; is not designed for extension - needs to be abstract, final or empty." source="com.puppycrawl.tools.checkstyle.checks.design.DesignForExtensionCheck"/>
<error line="483" column="45" severity="error" message="Parameter s should be final." source="com.puppycrawl.tools.checkstyle.checks.FinalParametersCheck"/>
<error line="487" column="5" severity="error" message="Method &apos;getFishEyeUsers&apos; is not designed for extension - needs to be abstract, final or empty." source="com.puppycrawl.tools.checkstyle.checks.design.DesignForExtensionCheck"/>
<error line="492" column="5" severity="error" message="Method &apos;getCrucibleUsers&apos; is not designed for extension - needs to be abstract, final or empty." source="com.puppycrawl.tools.checkstyle.checks.design.DesignForExtensionCheck"/>
<error line="497" column="5" severity="error" message="Method &apos;getActiveUsersCount&apos; is not designed for extension - needs to be abstract, final or empty." source="com.puppycrawl.tools.checkstyle.checks.design.DesignForExtensionCheck"/>
<error line="502" column="5" severity="error" message="Method &apos;getFishEyeUsersCount&apos; is not designed for extension - needs to be abstract, final or empty." source="com.puppycrawl.tools.checkstyle.checks.design.DesignForExtensionCheck"/>
<error line="507" column="5" severity="error" message="Method &apos;getCrucibleUsersCount&apos; is not designed for extension - needs to be abstract, final or empty." source="com.puppycrawl.tools.checkstyle.checks.design.DesignForExtensionCheck"/>
<error line="512" column="5" severity="error" message="Method &apos;renameUser&apos; is not designed for extension - needs to be abstract, final or empty." source="com.puppycrawl.tools.checkstyle.checks.design.DesignForExtensionCheck"/>
<error line="513" column="28" severity="error" message="Parameter s should be final." source="com.puppycrawl.tools.checkstyle.checks.FinalParametersCheck"/>
<error line="513" column="38" severity="error" message="Parameter s2 should be final." source="com.puppycrawl.tools.checkstyle.checks.FinalParametersCheck"/>
<error line="514" column="39" severity="error" message="&apos;,&apos; is not followed by whitespace." source="com.puppycrawl.tools.checkstyle.checks.whitespace.WhitespaceAfterCheck"/>
<error line="517" column="5" severity="error" message="Method &apos;addUser&apos; is not designed for extension - needs to be abstract, final or empty." source="com.puppycrawl.tools.checkstyle.checks.design.DesignForExtensionCheck"/>
<error line="518" column="25" severity="error" message="Parameter user should be final." source="com.puppycrawl.tools.checkstyle.checks.FinalParametersCheck"/>
<error line="518" column="36" severity="error" message="Parameter s should be final." source="com.puppycrawl.tools.checkstyle.checks.FinalParametersCheck"/>
<error line="519" column="46" severity="error" message="&apos;,&apos; is not followed by whitespace." source="com.puppycrawl.tools.checkstyle.checks.whitespace.WhitespaceAfterCheck"/>
<error line="522" column="5" severity="error" message="Method &apos;changePassword&apos; is not designed for extension - needs to be abstract, final or empty." source="com.puppycrawl.tools.checkstyle.checks.design.DesignForExtensionCheck"/>
<error line="523" column="32" severity="error" message="Parameter user should be final." source="com.puppycrawl.tools.checkstyle.checks.FinalParametersCheck"/>
<error line="523" column="43" severity="error" message="Parameter s should be final." source="com.puppycrawl.tools.checkstyle.checks.FinalParametersCheck"/>
<error line="524" column="46" severity="error" message="&apos;,&apos; is not followed by whitespace." source="com.puppycrawl.tools.checkstyle.checks.whitespace.WhitespaceAfterCheck"/>
<error line="527" column="5" severity="error" message="Method &apos;requestPasswordReset&apos; is not designed for extension - needs to be abstract, final or empty." source="com.puppycrawl.tools.checkstyle.checks.design.DesignForExtensionCheck"/>
<error line="528" column="38" severity="error" message="Parameter user should be final." source="com.puppycrawl.tools.checkstyle.checks.FinalParametersCheck"/>
<error line="528" column="49" severity="error" message="Parameter s should be final." source="com.puppycrawl.tools.checkstyle.checks.FinalParametersCheck"/>
<error line="529" column="52" severity="error" message="&apos;,&apos; is not followed by whitespace." source="com.puppycrawl.tools.checkstyle.checks.whitespace.WhitespaceAfterCheck"/>
<error line="532" column="5" severity="error" message="Method &apos;resetPassword&apos; is not designed for extension - needs to be abstract, final or empty." source="com.puppycrawl.tools.checkstyle.checks.design.DesignForExtensionCheck"/>
<error line="533" column="31" severity="error" message="Parameter user should be final." source="com.puppycrawl.tools.checkstyle.checks.FinalParametersCheck"/>
<error line="533" column="42" severity="error" message="Parameter s should be final." source="com.puppycrawl.tools.checkstyle.checks.FinalParametersCheck"/>
<error line="534" column="45" severity="error" message="&apos;,&apos; is not followed by whitespace." source="com.puppycrawl.tools.checkstyle.checks.whitespace.WhitespaceAfterCheck"/>
<error line="537" column="5" severity="error" message="Method &apos;updateUser&apos; is not designed for extension - needs to be abstract, final or empty." source="com.puppycrawl.tools.checkstyle.checks.design.DesignForExtensionCheck"/>
<error line="538" column="28" severity="error" message="Parameter user should be final." source="com.puppycrawl.tools.checkstyle.checks.FinalParametersCheck"/>
<error line="542" column="5" severity="error" message="Method &apos;userExists&apos; is not designed for extension - needs to be abstract, final or empty." source="com.puppycrawl.tools.checkstyle.checks.design.DesignForExtensionCheck"/>
<error line="543" column="31" severity="error" message="Parameter s should be final." source="com.puppycrawl.tools.checkstyle.checks.FinalParametersCheck"/>
<error line="547" column="5" severity="error" message="Method &apos;ensureUserExists&apos; is not designed for extension - needs to be abstract, final or empty." source="com.puppycrawl.tools.checkstyle.checks.design.DesignForExtensionCheck"/>
<error line="548" column="34" severity="error" message="Parameter s should be final." source="com.puppycrawl.tools.checkstyle.checks.FinalParametersCheck"/>
<error line="552" column="5" severity="error" message="Method &apos;ensureGroupExists&apos; is not designed for extension - needs to be abstract, final or empty." source="com.puppycrawl.tools.checkstyle.checks.design.DesignForExtensionCheck"/>
<error line="553" column="40" severity="error" message="Parameter s should be final." source="com.puppycrawl.tools.checkstyle.checks.FinalParametersCheck"/>
<error line="557" column="5" severity="error" message="Method &apos;getActiveUser&apos; is not designed for extension - needs to be abstract, final or empty." source="com.puppycrawl.tools.checkstyle.checks.design.DesignForExtensionCheck"/>
<error line="558" column="31" severity="error" message="Parameter s should be final." source="com.puppycrawl.tools.checkstyle.checks.FinalParametersCheck"/>
<error line="562" column="5" severity="error" message="Method &apos;getActiveUser&apos; is not designed for extension - needs to be abstract, final or empty." source="com.puppycrawl.tools.checkstyle.checks.design.DesignForExtensionCheck"/>
<error line="563" column="31" severity="error" message="Parameter i should be final." source="com.puppycrawl.tools.checkstyle.checks.FinalParametersCheck"/>
<error line="567" column="5" severity="error" message="Method &apos;getUser&apos; is not designed for extension - needs to be abstract, final or empty." source="com.puppycrawl.tools.checkstyle.checks.design.DesignForExtensionCheck"/>
<error line="568" column="25" severity="error" message="Parameter s should be final." source="com.puppycrawl.tools.checkstyle.checks.FinalParametersCheck"/>
<error line="572" column="5" severity="error" message="Method &apos;getUserById&apos; is not designed for extension - needs to be abstract, final or empty." source="com.puppycrawl.tools.checkstyle.checks.design.DesignForExtensionCheck"/>
<error line="573" column="29" severity="error" message="Parameter i should be final." source="com.puppycrawl.tools.checkstyle.checks.FinalParametersCheck"/>
<error line="577" column="5" severity="error" message="Method &apos;getUsernameByEmail&apos; is not designed for extension - needs to be abstract, final or empty." source="com.puppycrawl.tools.checkstyle.checks.design.DesignForExtensionCheck"/>
<error line="578" column="38" severity="error" message="Parameter s should be final." source="com.puppycrawl.tools.checkstyle.checks.FinalParametersCheck"/>
<error line="582" column="5" severity="error" message="Method &apos;deleteUser&apos; is not designed for extension - needs to be abstract, final or empty." source="com.puppycrawl.tools.checkstyle.checks.design.DesignForExtensionCheck"/>
<error line="583" column="28" severity="error" message="Parameter user should be final." source="com.puppycrawl.tools.checkstyle.checks.FinalParametersCheck"/>
<error line="587" column="5" severity="error" message="Method &apos;deleteUserAndRemoveCommitterMappings&apos; is not designed for extension - needs to be abstract, final or empty." source="com.puppycrawl.tools.checkstyle.checks.design.DesignForExtensionCheck"/>
<error line="588" column="57" severity="error" message="Parameter s should be final." source="com.puppycrawl.tools.checkstyle.checks.FinalParametersCheck"/>
<error line="592" column="5" severity="error" message="Method &apos;deleteMultipleUsersAndRemoveCommitterMappings&apos; is not designed for extension - needs to be abstract, final or empty." source="com.puppycrawl.tools.checkstyle.checks.design.DesignForExtensionCheck"/>
<error line="593" severity="error" message="Line is longer than 80 characters (found 88)." source="com.puppycrawl.tools.checkstyle.checks.sizes.LineLengthCheck"/>
<error line="593" column="66" severity="error" message="Parameter strings should be final." source="com.puppycrawl.tools.checkstyle.checks.FinalParametersCheck"/>
<error line="594" severity="error" message="Line is longer than 80 characters (found 87)." source="com.puppycrawl.tools.checkstyle.checks.sizes.LineLengthCheck"/>
<error line="597" column="5" severity="error" message="Method &apos;deactivateUser&apos; is not designed for extension - needs to be abstract, final or empty." source="com.puppycrawl.tools.checkstyle.checks.design.DesignForExtensionCheck"/>
<error line="598" column="32" severity="error" message="Parameter user should be final." source="com.puppycrawl.tools.checkstyle.checks.FinalParametersCheck"/>
<error line="602" column="5" severity="error" message="Method &apos;deactivateUser&apos; is not designed for extension - needs to be abstract, final or empty." source="com.puppycrawl.tools.checkstyle.checks.design.DesignForExtensionCheck"/>
<error line="603" column="32" severity="error" message="Parameter user should be final." source="com.puppycrawl.tools.checkstyle.checks.FinalParametersCheck"/>
<error line="603" column="43" severity="error" message="Parameter b should be final." source="com.puppycrawl.tools.checkstyle.checks.FinalParametersCheck"/>
<error line="604" column="46" severity="error" message="&apos;,&apos; is not followed by whitespace." source="com.puppycrawl.tools.checkstyle.checks.whitespace.WhitespaceAfterCheck"/>
<error line="607" column="5" severity="error" message="Method &apos;hasPermissionToAccess&apos; is not designed for extension - needs to be abstract, final or empty." source="com.puppycrawl.tools.checkstyle.checks.design.DesignForExtensionCheck"/>
<error line="608" severity="error" message="Line is longer than 80 characters (found 98)." source="com.puppycrawl.tools.checkstyle.checks.sizes.LineLengthCheck"/>
<error line="608" column="42" severity="error" message="Parameter principal should be final." source="com.puppycrawl.tools.checkstyle.checks.FinalParametersCheck"/>
<error line="608" column="63" severity="error" message="Parameter repositoryHandle should be final." source="com.puppycrawl.tools.checkstyle.checks.FinalParametersCheck"/>
<error line="609" severity="error" message="Line is longer than 80 characters (found 82)." source="com.puppycrawl.tools.checkstyle.checks.sizes.LineLengthCheck"/>
<error line="609" column="65" severity="error" message="&apos;,&apos; is not followed by whitespace." source="com.puppycrawl.tools.checkstyle.checks.whitespace.WhitespaceAfterCheck"/>
<error line="612" column="5" severity="error" message="Method &apos;isCrucibleEnabled&apos; is not designed for extension - needs to be abstract, final or empty." source="com.puppycrawl.tools.checkstyle.checks.design.DesignForExtensionCheck"/>
<error line="613" column="38" severity="error" message="Parameter s should be final." source="com.puppycrawl.tools.checkstyle.checks.FinalParametersCheck"/>
<error line="617" column="5" severity="error" message="Method &apos;setCrucibleEnabled&apos; is not designed for extension - needs to be abstract, final or empty." source="com.puppycrawl.tools.checkstyle.checks.design.DesignForExtensionCheck"/>
<error line="618" severity="error" message="Line is longer than 80 characters (found 81)." source="com.puppycrawl.tools.checkstyle.checks.sizes.LineLengthCheck"/>
<error line="618" column="36" severity="error" message="Parameter s should be final." source="com.puppycrawl.tools.checkstyle.checks.FinalParametersCheck"/>
<error line="618" column="46" severity="error" message="Parameter b should be final." source="com.puppycrawl.tools.checkstyle.checks.FinalParametersCheck"/>
<error line="619" column="47" severity="error" message="&apos;,&apos; is not followed by whitespace." source="com.puppycrawl.tools.checkstyle.checks.whitespace.WhitespaceAfterCheck"/>
<error line="622" column="5" severity="error" message="Method &apos;isLoginPossible&apos; is not designed for extension - needs to be abstract, final or empty." source="com.puppycrawl.tools.checkstyle.checks.design.DesignForExtensionCheck"/>
<error line="627" column="5" severity="error" message="Method &apos;hasSysAdminPrivileges&apos; is not designed for extension - needs to be abstract, final or empty." source="com.puppycrawl.tools.checkstyle.checks.design.DesignForExtensionCheck"/>
<error line="628" column="42" severity="error" message="Parameter s should be final." source="com.puppycrawl.tools.checkstyle.checks.FinalParametersCheck"/>
<error line="632" column="5" severity="error" message="Method &apos;hasSysAdminPrivileges&apos; is not designed for extension - needs to be abstract, final or empty." source="com.puppycrawl.tools.checkstyle.checks.design.DesignForExtensionCheck"/>
<error line="633" severity="error" message="Line is longer than 80 characters (found 81)." source="com.puppycrawl.tools.checkstyle.checks.sizes.LineLengthCheck"/>
<error line="633" column="42" severity="error" message="Parameter httpServletRequest should be final." source="com.puppycrawl.tools.checkstyle.checks.FinalParametersCheck"/>
<error line="637" column="5" severity="error" message="Method &apos;getUserFor&apos; is not designed for extension - needs to be abstract, final or empty." source="com.puppycrawl.tools.checkstyle.checks.design.DesignForExtensionCheck"/>
<error line="638" column="28" severity="error" message="Parameter principal should be final." source="com.puppycrawl.tools.checkstyle.checks.FinalParametersCheck"/>
<error line="642" column="5" severity="error" message="Method &apos;isValidPassword&apos; is not designed for extension - needs to be abstract, final or empty." source="com.puppycrawl.tools.checkstyle.checks.design.DesignForExtensionCheck"/>
<error line="643" column="36" severity="error" message="Parameter s should be final." source="com.puppycrawl.tools.checkstyle.checks.FinalParametersCheck"/>
<error line="643" column="46" severity="error" message="Parameter s2 should be final." source="com.puppycrawl.tools.checkstyle.checks.FinalParametersCheck"/>
<error line="644" column="51" severity="error" message="&apos;,&apos; is not followed by whitespace." source="com.puppycrawl.tools.checkstyle.checks.whitespace.WhitespaceAfterCheck"/>
<error line="647" column="5" severity="error" message="Method &apos;encodePassword&apos; is not designed for extension - needs to be abstract, final or empty." source="com.puppycrawl.tools.checkstyle.checks.design.DesignForExtensionCheck"/>
<error line="648" column="34" severity="error" message="Parameter s should be final." source="com.puppycrawl.tools.checkstyle.checks.FinalParametersCheck"/>
<error line="652" column="5" severity="error" message="Method &apos;getAuthenticationProvider&apos; is not designed for extension - needs to be abstract, final or empty." source="com.puppycrawl.tools.checkstyle.checks.design.DesignForExtensionCheck"/>
<error line="657" column="5" severity="error" message="Method &apos;isUserNameValid&apos; is not designed for extension - needs to be abstract, final or empty." source="com.puppycrawl.tools.checkstyle.checks.design.DesignForExtensionCheck"/>
<error line="658" column="36" severity="error" message="Parameter s should be final." source="com.puppycrawl.tools.checkstyle.checks.FinalParametersCheck"/>
<error line="662" column="5" severity="error" message="Method &apos;isGroupNameValid&apos; is not designed for extension - needs to be abstract, final or empty." source="com.puppycrawl.tools.checkstyle.checks.design.DesignForExtensionCheck"/>
<error line="663" column="37" severity="error" message="Parameter s should be final." source="com.puppycrawl.tools.checkstyle.checks.FinalParametersCheck"/>
<error line="667" column="5" severity="error" message="Method &apos;isAdminGroup&apos; is not designed for extension - needs to be abstract, final or empty." source="com.puppycrawl.tools.checkstyle.checks.design.DesignForExtensionCheck"/>
<error line="668" column="33" severity="error" message="Parameter s should be final." source="com.puppycrawl.tools.checkstyle.checks.FinalParametersCheck"/>
<error line="672" column="5" severity="error" message="Method &apos;setAdminGroup&apos; is not designed for extension - needs to be abstract, final or empty." source="com.puppycrawl.tools.checkstyle.checks.design.DesignForExtensionCheck"/>
<error line="673" column="31" severity="error" message="Parameter s should be final." source="com.puppycrawl.tools.checkstyle.checks.FinalParametersCheck"/>
<error line="673" column="41" severity="error" message="Parameter b should be final." source="com.puppycrawl.tools.checkstyle.checks.FinalParametersCheck"/>
<error line="674" column="42" severity="error" message="&apos;,&apos; is not followed by whitespace." source="com.puppycrawl.tools.checkstyle.checks.whitespace.WhitespaceAfterCheck"/>
</file>
</checkstyle>
